<?xml version="1.0" encoding="UTF-8"?>
<testng-results ignored="0" total="2" passed="2" failed="0" skipped="0">
  <reporter-output>
  </reporter-output>
  <suite started-at="2023-12-11T16:01:45 IST" name="My Suite" finished-at="2023-12-11T16:02:04 IST" duration-ms="18966">
    <groups>
      <group name="cucumber">
        <method signature="AbstractTestNGCucumberTests.runScenario(io.cucumber.testng.PickleWrapper,io.cucumber.testng.FeatureWrapper)[pri:0, instance:Runner@61230f6a]" name="runScenario" class="io.cucumber.testng.AbstractTestNGCucumberTests"/>
      </group> <!-- cucumber -->
    </groups>
    <test started-at="2023-12-11T16:01:45 IST" name="xyz" finished-at="2023-12-11T16:02:04 IST" duration-ms="18966">
      <class name="Runner">
        <test-method is-config="true" signature="setUpClass(org.testng.ITestContext)[pri:0, instance:Runner@61230f6a]" started-at="2023-12-11T16:01:45 IST" name="setUpClass" finished-at="2023-12-11T16:01:46 IST" duration-ms="444" status="PASS">
          <params>
            <param index="0">
              <value>
                <![CDATA[org.testng.TestRunner@3590fc5b]]>
              </value>
            </param>
          </params>
          <reporter-output>
          </reporter-output>
        </test-method> <!-- setUpClass -->
        <test-method signature="runScenario(io.cucumber.testng.PickleWrapper,io.cucumber.testng.FeatureWrapper)[pri:0, instance:Runner@61230f6a]" started-at="2023-12-11T16:01:46 IST" name="runScenario" description="Runs Cucumber Scenarios" data-provider="scenarios" finished-at="2023-12-11T16:02:04 IST" duration-ms="18472" status="PASS">
          <params>
            <param index="0">
              <value>
                <![CDATA["Title of page2"]]>
              </value>
            </param>
            <param index="1">
              <value>
                <![CDATA["Internet testing"]]>
              </value>
            </param>
          </params>
          <reporter-output>
          </reporter-output>
        </test-method> <!-- runScenario -->
        <test-method signature="runScenario(io.cucumber.testng.PickleWrapper,io.cucumber.testng.FeatureWrapper)[pri:0, instance:Runner@61230f6a]" started-at="2023-12-11T16:01:46 IST" name="runScenario" description="Runs Cucumber Scenarios" data-provider="scenarios" finished-at="2023-12-11T16:02:00 IST" duration-ms="13752" status="PASS">
          <params>
            <param index="0">
              <value>
                <![CDATA["Title of page1"]]>
              </value>
            </param>
            <param index="1">
              <value>
                <![CDATA["Internet testing"]]>
              </value>
            </param>
          </params>
          <reporter-output>
          </reporter-output>
        </test-method> <!-- runScenario -->
        <test-method is-config="true" signature="tearDownClass()[pri:0, instance:Runner@61230f6a]" started-at="2023-12-11T16:02:04 IST" name="tearDownClass" finished-at="2023-12-11T16:02:04 IST" duration-ms="3" status="PASS">
          <reporter-output>
          </reporter-output>
        </test-method> <!-- tearDownClass -->
      </class> <!-- Runner -->
    </test> <!-- xyz -->
  </suite> <!-- My Suite -->
</testng-results>
